2016-04-08 13:09:40.966  INFO 7540 --- [main] com.jrd.SpringHelloApplication           : Starting SpringHelloApplication on dpo_jrd with PID 7540 (C:\JavaProgs\java_sandbox\springHello\target\classes started by jrd in C:\JavaProgs\java_sandbox\springHello)
2016-04-08 13:09:40.972  INFO 7540 --- [main] com.jrd.SpringHelloApplication           : No active profile set, falling back to default profiles: default
2016-04-08 13:09:41.044  INFO 7540 --- [main] ationConfigEmbeddedWebApplicationContext : Refreshing org.springframework.boot.context.embedded.AnnotationConfigEmbeddedWebApplicationContext@4f638935: startup date [Fri Apr 08 13:09:41 CEST 2016]; root of context hierarchy
2016-04-08 13:09:41.874  INFO 7540 --- [main] o.s.b.f.s.DefaultListableBeanFactory     : Overriding bean definition for bean 'beanNameViewResolver' with a different definition: replacing [Root bean: class [null]; scope=; abstract=false; lazyInit=false; autowireMode=3; dependencyCheck=0; autowireCandidate=true; primary=false; factoryBeanName=org.springframework.boot.autoconfigure.web.ErrorMvcAutoConfiguration$WhitelabelErrorViewConfiguration; factoryMethodName=beanNameViewResolver; initMethodName=null; destroyMethodName=(inferred); defined in class path resource [org/springframework/boot/autoconfigure/web/ErrorMvcAutoConfiguration$WhitelabelErrorViewConfiguration.class]] with [Root bean: class [null]; scope=; abstract=false; lazyInit=false; autowireMode=3; dependencyCheck=0; autowireCandidate=true; primary=false; factoryBeanName=org.springframework.boot.autoconfigure.web.WebMvcAutoConfiguration$WebMvcAutoConfigurationAdapter; factoryMethodName=beanNameViewResolver; initMethodName=null; destroyMethodName=(inferred); defined in class path resource [org/springframework/boot/autoconfigure/web/WebMvcAutoConfiguration$WebMvcAutoConfigurationAdapter.class]]
2016-04-08 13:09:42.534  INFO 7540 --- [main] s.b.c.e.t.TomcatEmbeddedServletContainer : Tomcat initialized with port(s): 8080 (http)
2016-04-08 13:09:42.547  INFO 7540 --- [main] o.apache.catalina.core.StandardService   : Starting service Tomcat
2016-04-08 13:09:42.548  INFO 7540 --- [main] org.apache.catalina.core.StandardEngine  : Starting Servlet Engine: Apache Tomcat/8.0.32
2016-04-08 13:09:42.663  INFO 7540 --- [localhost-startStop-1] o.a.c.c.C.[Tomcat].[localhost].[/]       : Initializing Spring embedded WebApplicationContext
2016-04-08 13:09:42.663  INFO 7540 --- [localhost-startStop-1] o.s.web.context.ContextLoader            : Root WebApplicationContext: initialization completed in 1621 ms
2016-04-08 13:09:42.959  INFO 7540 --- [localhost-startStop-1] o.s.b.c.e.ServletRegistrationBean        : Mapping servlet: 'dispatcherServlet' to [/]
2016-04-08 13:09:42.963  INFO 7540 --- [localhost-startStop-1] o.s.b.c.embedded.FilterRegistrationBean  : Mapping filter: 'characterEncodingFilter' to: [/*]
2016-04-08 13:09:42.963  INFO 7540 --- [localhost-startStop-1] o.s.b.c.embedded.FilterRegistrationBean  : Mapping filter: 'hiddenHttpMethodFilter' to: [/*]
2016-04-08 13:09:42.963  INFO 7540 --- [localhost-startStop-1] o.s.b.c.embedded.FilterRegistrationBean  : Mapping filter: 'httpPutFormContentFilter' to: [/*]
2016-04-08 13:09:42.963  INFO 7540 --- [localhost-startStop-1] o.s.b.c.embedded.FilterRegistrationBean  : Mapping filter: 'requestContextFilter' to: [/*]
2016-04-08 13:09:43.180  INFO 7540 --- [main] s.w.s.m.m.a.RequestMappingHandlerAdapter : Looking for @ControllerAdvice: org.springframework.boot.context.embedded.AnnotationConfigEmbeddedWebApplicationContext@4f638935: startup date [Fri Apr 08 13:09:41 CEST 2016]; root of context hierarchy
2016-04-08 13:09:43.242  INFO 7540 --- [main] s.w.s.m.m.a.RequestMappingHandlerMapping : Mapped "{[/]}" onto public java.lang.String com.jrd.api.HelloController.home()
2016-04-08 13:09:43.245  INFO 7540 --- [main] s.w.s.m.m.a.RequestMappingHandlerMapping : Mapped "{[/error]}" onto public org.springframework.http.ResponseEntity<java.util.Map<java.lang.String, java.lang.Object>> org.springframework.boot.autoconfigure.web.BasicErrorController.error(javax.servlet.http.HttpServletRequest)
2016-04-08 13:09:43.246  INFO 7540 --- [main] s.w.s.m.m.a.RequestMappingHandlerMapping : Mapped "{[/error],produces=[text/html]}" onto public org.springframework.web.servlet.ModelAndView org.springframework.boot.autoconfigure.web.BasicErrorController.errorHtml(javax.servlet.http.HttpServletRequest,javax.servlet.http.HttpServletResponse)
2016-04-08 13:09:43.270  INFO 7540 --- [main] o.s.w.s.handler.SimpleUrlHandlerMapping  : Mapped URL path [/webjars/**] onto handler of type [class org.springframework.web.servlet.resource.ResourceHttpRequestHandler]
2016-04-08 13:09:43.270  INFO 7540 --- [main] o.s.w.s.handler.SimpleUrlHandlerMapping  : Mapped URL path [/**] onto handler of type [class org.springframework.web.servlet.resource.ResourceHttpRequestHandler]
2016-04-08 13:09:43.303  INFO 7540 --- [main] o.s.w.s.handler.SimpleUrlHandlerMapping  : Mapped URL path [/**/favicon.ico] onto handler of type [class org.springframework.web.servlet.resource.ResourceHttpRequestHandler]
2016-04-08 13:09:43.388  INFO 7540 --- [main] o.s.j.e.a.AnnotationMBeanExporter        : Registering beans for JMX exposure on startup
2016-04-08 13:09:43.448  INFO 7540 --- [main] s.b.c.e.t.TomcatEmbeddedServletContainer : Tomcat started on port(s): 8080 (http)
2016-04-08 13:09:43.453  INFO 7540 --- [main] com.jrd.SpringHelloApplication           : Started SpringHelloApplication in 2.974 seconds (JVM running for 3.361)
2016-04-08 13:09:58.281  INFO 7540 --- [http-nio-8080-exec-1] o.a.c.c.C.[Tomcat].[localhost].[/]       : Initializing Spring FrameworkServlet 'dispatcherServlet'
2016-04-08 13:09:58.281  INFO 7540 --- [http-nio-8080-exec-1] o.s.web.servlet.DispatcherServlet        : FrameworkServlet 'dispatcherServlet': initialization started
2016-04-08 13:09:58.296  INFO 7540 --- [http-nio-8080-exec-1] o.s.web.servlet.DispatcherServlet        : FrameworkServlet 'dispatcherServlet': initialization completed in 15 ms
2016-04-08 13:09:58.322  INFO 7540 --- [http-nio-8080-exec-1] com.jrd.api.HelloController              : No to logujemy to, Hello Worldaaa! Uazzaaaa!!!
2016-04-08 13:11:27.062  INFO 7576 --- [main] com.jrd.SpringHelloApplication           : Starting SpringHelloApplication on dpo_jrd with PID 7576 (C:\JavaProgs\java_sandbox\springHello\target\classes started by jrd in C:\JavaProgs\java_sandbox\springHello)
2016-04-08 13:11:27.066  INFO 7576 --- [main] com.jrd.SpringHelloApplication           : No active profile set, falling back to default profiles: default
2016-04-08 13:11:27.112  INFO 7576 --- [main] ationConfigEmbeddedWebApplicationContext : Refreshing org.springframework.boot.context.embedded.AnnotationConfigEmbeddedWebApplicationContext@4f638935: startup date [Fri Apr 08 13:11:27 CEST 2016]; root of context hierarchy
2016-04-08 13:11:27.858  INFO 7576 --- [main] o.s.b.f.s.DefaultListableBeanFactory     : Overriding bean definition for bean 'beanNameViewResolver' with a different definition: replacing [Root bean: class [null]; scope=; abstract=false; lazyInit=false; autowireMode=3; dependencyCheck=0; autowireCandidate=true; primary=false; factoryBeanName=org.springframework.boot.autoconfigure.web.ErrorMvcAutoConfiguration$WhitelabelErrorViewConfiguration; factoryMethodName=beanNameViewResolver; initMethodName=null; destroyMethodName=(inferred); defined in class path resource [org/springframework/boot/autoconfigure/web/ErrorMvcAutoConfiguration$WhitelabelErrorViewConfiguration.class]] with [Root bean: class [null]; scope=; abstract=false; lazyInit=false; autowireMode=3; dependencyCheck=0; autowireCandidate=true; primary=false; factoryBeanName=org.springframework.boot.autoconfigure.web.WebMvcAutoConfiguration$WebMvcAutoConfigurationAdapter; factoryMethodName=beanNameViewResolver; initMethodName=null; destroyMethodName=(inferred); defined in class path resource [org/springframework/boot/autoconfigure/web/WebMvcAutoConfiguration$WebMvcAutoConfigurationAdapter.class]]
2016-04-08 13:11:28.690  INFO 7576 --- [main] s.b.c.e.t.TomcatEmbeddedServletContainer : Tomcat initialized with port(s): 8080 (http)
2016-04-08 13:11:28.702  INFO 7576 --- [main] o.apache.catalina.core.StandardService   : Starting service Tomcat
2016-04-08 13:11:28.704  INFO 7576 --- [main] org.apache.catalina.core.StandardEngine  : Starting Servlet Engine: Apache Tomcat/8.0.32
2016-04-08 13:11:28.812  INFO 7576 --- [localhost-startStop-1] o.a.c.c.C.[Tomcat].[localhost].[/]       : Initializing Spring embedded WebApplicationContext
2016-04-08 13:11:28.813  INFO 7576 --- [localhost-startStop-1] o.s.web.context.ContextLoader            : Root WebApplicationContext: initialization completed in 1704 ms
2016-04-08 13:11:29.081  INFO 7576 --- [localhost-startStop-1] o.s.b.c.e.ServletRegistrationBean        : Mapping servlet: 'dispatcherServlet' to [/]
2016-04-08 13:11:29.084  INFO 7576 --- [localhost-startStop-1] o.s.b.c.embedded.FilterRegistrationBean  : Mapping filter: 'characterEncodingFilter' to: [/*]
2016-04-08 13:11:29.085  INFO 7576 --- [localhost-startStop-1] o.s.b.c.embedded.FilterRegistrationBean  : Mapping filter: 'hiddenHttpMethodFilter' to: [/*]
2016-04-08 13:11:29.085  INFO 7576 --- [localhost-startStop-1] o.s.b.c.embedded.FilterRegistrationBean  : Mapping filter: 'httpPutFormContentFilter' to: [/*]
2016-04-08 13:11:29.085  INFO 7576 --- [localhost-startStop-1] o.s.b.c.embedded.FilterRegistrationBean  : Mapping filter: 'requestContextFilter' to: [/*]
2016-04-08 13:11:29.305  INFO 7576 --- [main] s.w.s.m.m.a.RequestMappingHandlerAdapter : Looking for @ControllerAdvice: org.springframework.boot.context.embedded.AnnotationConfigEmbeddedWebApplicationContext@4f638935: startup date [Fri Apr 08 13:11:27 CEST 2016]; root of context hierarchy
2016-04-08 13:11:29.364  INFO 7576 --- [main] s.w.s.m.m.a.RequestMappingHandlerMapping : Mapped "{[/api]}" onto public java.lang.String com.jrd.api.HelloController.home()
2016-04-08 13:11:29.368  INFO 7576 --- [main] s.w.s.m.m.a.RequestMappingHandlerMapping : Mapped "{[/error]}" onto public org.springframework.http.ResponseEntity<java.util.Map<java.lang.String, java.lang.Object>> org.springframework.boot.autoconfigure.web.BasicErrorController.error(javax.servlet.http.HttpServletRequest)
2016-04-08 13:11:29.368  INFO 7576 --- [main] s.w.s.m.m.a.RequestMappingHandlerMapping : Mapped "{[/error],produces=[text/html]}" onto public org.springframework.web.servlet.ModelAndView org.springframework.boot.autoconfigure.web.BasicErrorController.errorHtml(javax.servlet.http.HttpServletRequest,javax.servlet.http.HttpServletResponse)
2016-04-08 13:11:29.396  INFO 7576 --- [main] o.s.w.s.handler.SimpleUrlHandlerMapping  : Mapped URL path [/webjars/**] onto handler of type [class org.springframework.web.servlet.resource.ResourceHttpRequestHandler]
2016-04-08 13:11:29.396  INFO 7576 --- [main] o.s.w.s.handler.SimpleUrlHandlerMapping  : Mapped URL path [/**] onto handler of type [class org.springframework.web.servlet.resource.ResourceHttpRequestHandler]
2016-04-08 13:11:29.450  INFO 7576 --- [main] o.s.w.s.handler.SimpleUrlHandlerMapping  : Mapped URL path [/**/favicon.ico] onto handler of type [class org.springframework.web.servlet.resource.ResourceHttpRequestHandler]
2016-04-08 13:11:29.541  INFO 7576 --- [main] o.s.j.e.a.AnnotationMBeanExporter        : Registering beans for JMX exposure on startup
2016-04-08 13:11:29.610  INFO 7576 --- [main] s.b.c.e.t.TomcatEmbeddedServletContainer : Tomcat started on port(s): 8080 (http)
2016-04-08 13:11:29.614  INFO 7576 --- [main] com.jrd.SpringHelloApplication           : Started SpringHelloApplication in 2.943 seconds (JVM running for 3.278)
2016-04-08 13:11:39.761  INFO 7576 --- [http-nio-8080-exec-1] o.a.c.c.C.[Tomcat].[localhost].[/]       : Initializing Spring FrameworkServlet 'dispatcherServlet'
2016-04-08 13:11:39.762  INFO 7576 --- [http-nio-8080-exec-1] o.s.web.servlet.DispatcherServlet        : FrameworkServlet 'dispatcherServlet': initialization started
2016-04-08 13:11:39.776  INFO 7576 --- [http-nio-8080-exec-1] o.s.web.servlet.DispatcherServlet        : FrameworkServlet 'dispatcherServlet': initialization completed in 14 ms
2016-04-08 13:14:33.676  INFO 3088 --- [main] com.jrd.SpringHelloApplication           : Starting SpringHelloApplication on dpo_jrd with PID 3088 (C:\JavaProgs\java_sandbox\springHello\target\classes started by jrd in C:\JavaProgs\java_sandbox\springHello)
2016-04-08 13:14:33.681  INFO 3088 --- [main] com.jrd.SpringHelloApplication           : No active profile set, falling back to default profiles: default
2016-04-08 13:14:33.750  INFO 3088 --- [main] ationConfigEmbeddedWebApplicationContext : Refreshing org.springframework.boot.context.embedded.AnnotationConfigEmbeddedWebApplicationContext@4f638935: startup date [Fri Apr 08 13:14:33 CEST 2016]; root of context hierarchy
2016-04-08 13:14:34.554  INFO 3088 --- [main] o.s.b.f.s.DefaultListableBeanFactory     : Overriding bean definition for bean 'beanNameViewResolver' with a different definition: replacing [Root bean: class [null]; scope=; abstract=false; lazyInit=false; autowireMode=3; dependencyCheck=0; autowireCandidate=true; primary=false; factoryBeanName=org.springframework.boot.autoconfigure.web.ErrorMvcAutoConfiguration$WhitelabelErrorViewConfiguration; factoryMethodName=beanNameViewResolver; initMethodName=null; destroyMethodName=(inferred); defined in class path resource [org/springframework/boot/autoconfigure/web/ErrorMvcAutoConfiguration$WhitelabelErrorViewConfiguration.class]] with [Root bean: class [null]; scope=; abstract=false; lazyInit=false; autowireMode=3; dependencyCheck=0; autowireCandidate=true; primary=false; factoryBeanName=org.springframework.boot.autoconfigure.web.WebMvcAutoConfiguration$WebMvcAutoConfigurationAdapter; factoryMethodName=beanNameViewResolver; initMethodName=null; destroyMethodName=(inferred); defined in class path resource [org/springframework/boot/autoconfigure/web/WebMvcAutoConfiguration$WebMvcAutoConfigurationAdapter.class]]
2016-04-08 13:14:35.170  INFO 3088 --- [main] s.b.c.e.t.TomcatEmbeddedServletContainer : Tomcat initialized with port(s): 8080 (http)
2016-04-08 13:14:35.184  INFO 3088 --- [main] o.apache.catalina.core.StandardService   : Starting service Tomcat
2016-04-08 13:14:35.185  INFO 3088 --- [main] org.apache.catalina.core.StandardEngine  : Starting Servlet Engine: Apache Tomcat/8.0.32
2016-04-08 13:14:35.296  INFO 3088 --- [localhost-startStop-1] o.a.c.c.C.[Tomcat].[localhost].[/]       : Initializing Spring embedded WebApplicationContext
2016-04-08 13:14:35.297  INFO 3088 --- [localhost-startStop-1] o.s.web.context.ContextLoader            : Root WebApplicationContext: initialization completed in 1550 ms
2016-04-08 13:14:35.577  INFO 3088 --- [localhost-startStop-1] o.s.b.c.e.ServletRegistrationBean        : Mapping servlet: 'dispatcherServlet' to [/]
2016-04-08 13:14:35.581  INFO 3088 --- [localhost-startStop-1] o.s.b.c.embedded.FilterRegistrationBean  : Mapping filter: 'characterEncodingFilter' to: [/*]
2016-04-08 13:14:35.581  INFO 3088 --- [localhost-startStop-1] o.s.b.c.embedded.FilterRegistrationBean  : Mapping filter: 'hiddenHttpMethodFilter' to: [/*]
2016-04-08 13:14:35.581  INFO 3088 --- [localhost-startStop-1] o.s.b.c.embedded.FilterRegistrationBean  : Mapping filter: 'httpPutFormContentFilter' to: [/*]
2016-04-08 13:14:35.581  INFO 3088 --- [localhost-startStop-1] o.s.b.c.embedded.FilterRegistrationBean  : Mapping filter: 'requestContextFilter' to: [/*]
2016-04-08 13:14:35.786  INFO 3088 --- [main] s.w.s.m.m.a.RequestMappingHandlerAdapter : Looking for @ControllerAdvice: org.springframework.boot.context.embedded.AnnotationConfigEmbeddedWebApplicationContext@4f638935: startup date [Fri Apr 08 13:14:33 CEST 2016]; root of context hierarchy
2016-04-08 13:14:35.842  INFO 3088 --- [main] s.w.s.m.m.a.RequestMappingHandlerMapping : Mapped "{[/api]}" onto public java.lang.String com.jrd.api.HelloController.home()
2016-04-08 13:14:35.844  INFO 3088 --- [main] s.w.s.m.m.a.RequestMappingHandlerMapping : Mapped "{[/error]}" onto public org.springframework.http.ResponseEntity<java.util.Map<java.lang.String, java.lang.Object>> org.springframework.boot.autoconfigure.web.BasicErrorController.error(javax.servlet.http.HttpServletRequest)
2016-04-08 13:14:35.845  INFO 3088 --- [main] s.w.s.m.m.a.RequestMappingHandlerMapping : Mapped "{[/error],produces=[text/html]}" onto public org.springframework.web.servlet.ModelAndView org.springframework.boot.autoconfigure.web.BasicErrorController.errorHtml(javax.servlet.http.HttpServletRequest,javax.servlet.http.HttpServletResponse)
2016-04-08 13:14:35.848  INFO 3088 --- [main] o.s.w.s.c.a.WebMvcConfigurerAdapter      : Adding welcome page: class path resource [static/index.html]
2016-04-08 13:14:35.857  INFO 3088 --- [main] o.s.w.s.handler.SimpleUrlHandlerMapping  : Root mapping to handler of type [class org.springframework.web.servlet.mvc.ParameterizableViewController]
2016-04-08 13:14:35.865  INFO 3088 --- [main] o.s.w.s.handler.SimpleUrlHandlerMapping  : Mapped URL path [/webjars/**] onto handler of type [class org.springframework.web.servlet.resource.ResourceHttpRequestHandler]
2016-04-08 13:14:35.866  INFO 3088 --- [main] o.s.w.s.handler.SimpleUrlHandlerMapping  : Mapped URL path [/**] onto handler of type [class org.springframework.web.servlet.resource.ResourceHttpRequestHandler]
2016-04-08 13:14:35.894  INFO 3088 --- [main] o.s.w.s.handler.SimpleUrlHandlerMapping  : Mapped URL path [/**/favicon.ico] onto handler of type [class org.springframework.web.servlet.resource.ResourceHttpRequestHandler]
2016-04-08 13:14:35.973  INFO 3088 --- [main] o.s.j.e.a.AnnotationMBeanExporter        : Registering beans for JMX exposure on startup
2016-04-08 13:14:36.034  INFO 3088 --- [main] s.b.c.e.t.TomcatEmbeddedServletContainer : Tomcat started on port(s): 8080 (http)
2016-04-08 13:14:36.038  INFO 3088 --- [main] com.jrd.SpringHelloApplication           : Started SpringHelloApplication in 2.806 seconds (JVM running for 3.196)
2016-04-08 13:15:00.866  INFO 3088 --- [http-nio-8080-exec-1] o.a.c.c.C.[Tomcat].[localhost].[/]       : Initializing Spring FrameworkServlet 'dispatcherServlet'
2016-04-08 13:15:00.866  INFO 3088 --- [http-nio-8080-exec-1] o.s.web.servlet.DispatcherServlet        : FrameworkServlet 'dispatcherServlet': initialization started
2016-04-08 13:15:00.878  INFO 3088 --- [http-nio-8080-exec-1] o.s.web.servlet.DispatcherServlet        : FrameworkServlet 'dispatcherServlet': initialization completed in 12 ms
2016-04-08 13:16:13.253  INFO 7804 --- [main] com.jrd.SpringHelloApplication           : Starting SpringHelloApplication on dpo_jrd with PID 7804 (C:\JavaProgs\java_sandbox\springHello\target\classes started by jrd in C:\JavaProgs\java_sandbox\springHello)
2016-04-08 13:16:13.259  INFO 7804 --- [main] com.jrd.SpringHelloApplication           : No active profile set, falling back to default profiles: default
2016-04-08 13:16:13.334  INFO 7804 --- [main] ationConfigEmbeddedWebApplicationContext : Refreshing org.springframework.boot.context.embedded.AnnotationConfigEmbeddedWebApplicationContext@4f638935: startup date [Fri Apr 08 13:16:13 CEST 2016]; root of context hierarchy
2016-04-08 13:16:14.151  INFO 7804 --- [main] o.s.b.f.s.DefaultListableBeanFactory     : Overriding bean definition for bean 'beanNameViewResolver' with a different definition: replacing [Root bean: class [null]; scope=; abstract=false; lazyInit=false; autowireMode=3; dependencyCheck=0; autowireCandidate=true; primary=false; factoryBeanName=org.springframework.boot.autoconfigure.web.ErrorMvcAutoConfiguration$WhitelabelErrorViewConfiguration; factoryMethodName=beanNameViewResolver; initMethodName=null; destroyMethodName=(inferred); defined in class path resource [org/springframework/boot/autoconfigure/web/ErrorMvcAutoConfiguration$WhitelabelErrorViewConfiguration.class]] with [Root bean: class [null]; scope=; abstract=false; lazyInit=false; autowireMode=3; dependencyCheck=0; autowireCandidate=true; primary=false; factoryBeanName=org.springframework.boot.autoconfigure.web.WebMvcAutoConfiguration$WebMvcAutoConfigurationAdapter; factoryMethodName=beanNameViewResolver; initMethodName=null; destroyMethodName=(inferred); defined in class path resource [org/springframework/boot/autoconfigure/web/WebMvcAutoConfiguration$WebMvcAutoConfigurationAdapter.class]]
2016-04-08 13:16:14.779  INFO 7804 --- [main] s.b.c.e.t.TomcatEmbeddedServletContainer : Tomcat initialized with port(s): 8080 (http)
2016-04-08 13:16:14.793  INFO 7804 --- [main] o.apache.catalina.core.StandardService   : Starting service Tomcat
2016-04-08 13:16:14.795  INFO 7804 --- [main] org.apache.catalina.core.StandardEngine  : Starting Servlet Engine: Apache Tomcat/8.0.32
2016-04-08 13:16:14.904  INFO 7804 --- [localhost-startStop-1] o.a.c.c.C.[Tomcat].[localhost].[/]       : Initializing Spring embedded WebApplicationContext
2016-04-08 13:16:14.905  INFO 7804 --- [localhost-startStop-1] o.s.web.context.ContextLoader            : Root WebApplicationContext: initialization completed in 1574 ms
2016-04-08 13:16:15.186  INFO 7804 --- [localhost-startStop-1] o.s.b.c.e.ServletRegistrationBean        : Mapping servlet: 'dispatcherServlet' to [/]
2016-04-08 13:16:15.189  INFO 7804 --- [localhost-startStop-1] o.s.b.c.embedded.FilterRegistrationBean  : Mapping filter: 'characterEncodingFilter' to: [/*]
2016-04-08 13:16:15.190  INFO 7804 --- [localhost-startStop-1] o.s.b.c.embedded.FilterRegistrationBean  : Mapping filter: 'hiddenHttpMethodFilter' to: [/*]
2016-04-08 13:16:15.190  INFO 7804 --- [localhost-startStop-1] o.s.b.c.embedded.FilterRegistrationBean  : Mapping filter: 'httpPutFormContentFilter' to: [/*]
2016-04-08 13:16:15.190  INFO 7804 --- [localhost-startStop-1] o.s.b.c.embedded.FilterRegistrationBean  : Mapping filter: 'requestContextFilter' to: [/*]
2016-04-08 13:16:15.418  INFO 7804 --- [main] s.w.s.m.m.a.RequestMappingHandlerAdapter : Looking for @ControllerAdvice: org.springframework.boot.context.embedded.AnnotationConfigEmbeddedWebApplicationContext@4f638935: startup date [Fri Apr 08 13:16:13 CEST 2016]; root of context hierarchy
2016-04-08 13:16:15.481  INFO 7804 --- [main] s.w.s.m.m.a.RequestMappingHandlerMapping : Mapped "{[/api]}" onto public java.lang.String com.jrd.api.HelloController.home()
2016-04-08 13:16:15.484  INFO 7804 --- [main] s.w.s.m.m.a.RequestMappingHandlerMapping : Mapped "{[/error]}" onto public org.springframework.http.ResponseEntity<java.util.Map<java.lang.String, java.lang.Object>> org.springframework.boot.autoconfigure.web.BasicErrorController.error(javax.servlet.http.HttpServletRequest)
2016-04-08 13:16:15.484  INFO 7804 --- [main] s.w.s.m.m.a.RequestMappingHandlerMapping : Mapped "{[/error],produces=[text/html]}" onto public org.springframework.web.servlet.ModelAndView org.springframework.boot.autoconfigure.web.BasicErrorController.errorHtml(javax.servlet.http.HttpServletRequest,javax.servlet.http.HttpServletResponse)
2016-04-08 13:16:15.488  INFO 7804 --- [main] o.s.w.s.c.a.WebMvcConfigurerAdapter      : Adding welcome page: class path resource [static/index.html]
2016-04-08 13:16:15.500  INFO 7804 --- [main] o.s.w.s.handler.SimpleUrlHandlerMapping  : Root mapping to handler of type [class org.springframework.web.servlet.mvc.ParameterizableViewController]
2016-04-08 13:16:15.510  INFO 7804 --- [main] o.s.w.s.handler.SimpleUrlHandlerMapping  : Mapped URL path [/webjars/**] onto handler of type [class org.springframework.web.servlet.resource.ResourceHttpRequestHandler]
2016-04-08 13:16:15.511  INFO 7804 --- [main] o.s.w.s.handler.SimpleUrlHandlerMapping  : Mapped URL path [/**] onto handler of type [class org.springframework.web.servlet.resource.ResourceHttpRequestHandler]
2016-04-08 13:16:15.546  INFO 7804 --- [main] o.s.w.s.handler.SimpleUrlHandlerMapping  : Mapped URL path [/**/favicon.ico] onto handler of type [class org.springframework.web.servlet.resource.ResourceHttpRequestHandler]
2016-04-08 13:16:15.632  INFO 7804 --- [main] o.s.j.e.a.AnnotationMBeanExporter        : Registering beans for JMX exposure on startup
2016-04-08 13:16:15.695  INFO 7804 --- [main] s.b.c.e.t.TomcatEmbeddedServletContainer : Tomcat started on port(s): 8080 (http)
2016-04-08 13:16:15.698  INFO 7804 --- [main] com.jrd.SpringHelloApplication           : Started SpringHelloApplication in 2.914 seconds (JVM running for 3.294)
2016-04-08 13:16:25.878  INFO 7804 --- [http-nio-8080-exec-1] o.a.c.c.C.[Tomcat].[localhost].[/]       : Initializing Spring FrameworkServlet 'dispatcherServlet'
2016-04-08 13:16:25.878  INFO 7804 --- [http-nio-8080-exec-1] o.s.web.servlet.DispatcherServlet        : FrameworkServlet 'dispatcherServlet': initialization started
2016-04-08 13:16:25.891  INFO 7804 --- [http-nio-8080-exec-1] o.s.web.servlet.DispatcherServlet        : FrameworkServlet 'dispatcherServlet': initialization completed in 12 ms
